0 info it worked if it ends with ok
1 verbose cli [ '/usr/local/bin/node',
1 verbose cli   '/usr/local/bin/npm',
1 verbose cli   'run',
1 verbose cli   '--if-present',
1 verbose cli   'build' ]
2 info using npm@4.1.2
3 info using node@v7.7.2
4 verbose run-script [ 'prebuild', 'build', 'postbuild' ]
5 info lifecycle shorty.cmis.tabris@0.1.0~prebuild: shorty.cmis.tabris@0.1.0
6 silly lifecycle shorty.cmis.tabris@0.1.0~prebuild: no script for prebuild, continuing
7 info lifecycle shorty.cmis.tabris@0.1.0~build: shorty.cmis.tabris@0.1.0
8 verbose lifecycle shorty.cmis.tabris@0.1.0~build: unsafe-perm in lifecycle true
9 verbose lifecycle shorty.cmis.tabris@0.1.0~build: PATH: /usr/local/lib/node_modules/npm/bin/node-gyp-bin:/Volumes/Shorty_JetDrive_1/dev/git/shorty.cmis.tabris/node_modules/.bin:/opt/local/bin:/opt/local/sbin:/Library/Frameworks/Python.framework/Versions/3.5/bin:/opt/local/bin:/opt/local/sbin:/usr/local/apache/apache-maven-3.3.9/bin:/opt/local/share/java/gradle/bin:/Library/Java/JavaVirtualMachines/jdk1.8.0_91.jdk/Contents/Home/bin:/Library/Frameworks/Mono.framework/Versions/Current/bin:/usr/local/bin:/usr/bin:/bin:/usr/sbin:/sbin:/opt/X11/bin:/usr/local/git/bin::/Users/SHomeier/bin:/usr/local/bin:/usr/X11R6/bin
10 verbose lifecycle shorty.cmis.tabris@0.1.0~build: CWD: /Volumes/Shorty_JetDrive_1/dev/git/shorty.cmis.tabris
11 silly lifecycle shorty.cmis.tabris@0.1.0~build: Args: [ '-c', 'tsc -p .' ]
12 silly lifecycle shorty.cmis.tabris@0.1.0~build: Returned: code: 2  signal: null
13 info lifecycle shorty.cmis.tabris@0.1.0~build: Failed to exec build script
14 verbose stack Error: shorty.cmis.tabris@0.1.0 build: `tsc -p .`
14 verbose stack Exit status 2
14 verbose stack     at EventEmitter.<anonymous> (/usr/local/lib/node_modules/npm/lib/utils/lifecycle.js:279:16)
14 verbose stack     at emitTwo (events.js:106:13)
14 verbose stack     at EventEmitter.emit (events.js:194:7)
14 verbose stack     at ChildProcess.<anonymous> (/usr/local/lib/node_modules/npm/lib/utils/spawn.js:40:14)
14 verbose stack     at emitTwo (events.js:106:13)
14 verbose stack     at ChildProcess.emit (events.js:194:7)
14 verbose stack     at maybeClose (internal/child_process.js:899:16)
14 verbose stack     at Process.ChildProcess._handle.onexit (internal/child_process.js:226:5)
15 verbose pkgid shorty.cmis.tabris@0.1.0
16 verbose cwd /Volumes/Shorty_JetDrive_1/dev/git/shorty.cmis.tabris
17 error Darwin 16.5.0
18 error argv "/usr/local/bin/node" "/usr/local/bin/npm" "run" "--if-present" "build"
19 error node v7.7.2
20 error npm  v4.1.2
21 error code ELIFECYCLE
22 error shorty.cmis.tabris@0.1.0 build: `tsc -p .`
22 error Exit status 2
23 error Failed at the shorty.cmis.tabris@0.1.0 build script 'tsc -p .'.
23 error Make sure you have the latest version of node.js and npm installed.
23 error If you do, this is most likely a problem with the shorty.cmis.tabris package,
23 error not with npm itself.
23 error Tell the author that this fails on your system:
23 error     tsc -p .
23 error You can get information on how to open an issue for this project with:
23 error     npm bugs shorty.cmis.tabris
23 error Or if that isn't available, you can get their info via:
23 error     npm owner ls shorty.cmis.tabris
23 error There is likely additional logging output above.
24 verbose exit [ 1, true ]
